<?xml version="1.0" encoding="UTF-8"?>
<!-- Generated by org.testng.reporters.JUnitXMLReporter -->
<testsuite ignored="0" hostname="DESKTOP-Q9VGQR4" failures="0" tests="4" name="Default test" time="0.148" errors="0" timestamp="2023-05-26T16:56:39 IST">
  <testcase classname="stud.pra.practice.Groupss" name="Bub" time="0.028"/>
  <testcase classname="stud.pra.practice.Groupss" name="Division" time="0.005"/>
  <testcase classname="stud.pra.practice.Groupss" name="Add" time="0.002"/>
  <testcase classname="stud.pra.practice.Groupss" name="Culti" time="0.001"/>
</testsuite> <!-- Default test -->
