<?xml version="1.0" encoding="UTF-8"?>
<!-- Generated by org.testng.reporters.JUnitXMLReporter -->
<testsuite ignored="4" hostname="DESKTOP-Q9VGQR4" failures="0" tests="0" time="0.018" errors="0" timestamp="2023-05-26T15:07:06 IST">
  <testcase classname="stud.pra.practice.Groupss" name="division" time="0.0">
    <ignored/>
  </testcase> <!-- division -->
  <testcase classname="stud.pra.practice.Groupss" name="sub" time="0.0">
    <ignored/>
  </testcase> <!-- sub -->
  <testcase classname="stud.pra.practice.Groupss" name="multi" time="0.0">
    <ignored/>
  </testcase> <!-- multi -->
  <testcase classname="stud.pra.practice.Groupss" name="add" time="0.0">
    <ignored/>
  </testcase> <!-- add -->
</testsuite>
