<?xml version="1.0" encoding="UTF-8"?>
<testng-results ignored="0" total="4" passed="4" failed="0" skipped="0">
  <reporter-output>
  </reporter-output>
  <suite started-at="2023-05-26T16:56:39 IST" name="Default suite" finished-at="2023-05-26T16:56:39 IST" duration-ms="148">
    <groups>
      <group name="smoke">
        <method signature="Groupss.Bub()[pri:0, instance:stud.pra.practice.Groupss@479d31f3]" name="Bub" class="stud.pra.practice.Groupss"/>
        <method signature="Groupss.Add()[pri:0, instance:stud.pra.practice.Groupss@479d31f3]" name="Add" class="stud.pra.practice.Groupss"/>
      </group> <!-- smoke -->
    </groups>
    <test started-at="2023-05-26T16:56:39 IST" name="Default test" finished-at="2023-05-26T16:56:39 IST" duration-ms="148">
      <class name="stud.pra.practice.Groupss">
        <test-method signature="Bub()[pri:0, instance:stud.pra.practice.Groupss@479d31f3]" started-at="2023-05-26T16:56:39 IST" name="Bub" finished-at="2023-05-26T16:56:39 IST" duration-ms="28" status="PASS">
          <reporter-output>
          </reporter-output>
        </test-method> <!-- Bub -->
        <test-method signature="Division()[pri:0, instance:stud.pra.practice.Groupss@479d31f3]" started-at="2023-05-26T16:56:39 IST" name="Division" finished-at="2023-05-26T16:56:39 IST" duration-ms="5" status="PASS">
          <reporter-output>
          </reporter-output>
        </test-method> <!-- Division -->
        <test-method signature="Add()[pri:0, instance:stud.pra.practice.Groupss@479d31f3]" started-at="2023-05-26T16:56:39 IST" name="Add" finished-at="2023-05-26T16:56:39 IST" duration-ms="2" status="PASS">
          <reporter-output>
          </reporter-output>
        </test-method> <!-- Add -->
        <test-method signature="Culti()[pri:0, instance:stud.pra.practice.Groupss@479d31f3]" started-at="2023-05-26T16:56:39 IST" name="Culti" finished-at="2023-05-26T16:56:39 IST" depends-on-methods="stud.pra.practice.Groupss.Bub" duration-ms="1" status="PASS">
          <reporter-output>
          </reporter-output>
        </test-method> <!-- Culti -->
      </class> <!-- stud.pra.practice.Groupss -->
    </test> <!-- Default test -->
  </suite> <!-- Default suite -->
</testng-results>
